[2025-11-19T11:44:42.795+0000] {local_task_job_runner.py:120} INFO - ::group::Pre task execution logs
[2025-11-19T11:44:42.857+0000] {taskinstance.py:2076} INFO - Dependencies all met for dep_context=non-requeueable deps ti=<TaskInstance: dbt_finance.dbt_deps scheduled__2025-11-18T00:00:00+00:00 [queued]>
[2025-11-19T11:44:42.874+0000] {taskinstance.py:2076} INFO - Dependencies all met for dep_context=requeueable deps ti=<TaskInstance: dbt_finance.dbt_deps scheduled__2025-11-18T00:00:00+00:00 [queued]>
[2025-11-19T11:44:42.875+0000] {taskinstance.py:2306} INFO - Starting attempt 1 of 2
[2025-11-19T11:44:42.900+0000] {taskinstance.py:2330} INFO - Executing <Task(BashOperator): dbt_deps> on 2025-11-18 00:00:00+00:00
[2025-11-19T11:44:42.908+0000] {logging_mixin.py:188} WARNING - /home/***/.local/lib/python3.12/site-packages/***/task/task_runner/standard_task_runner.py:62 DeprecationWarning: This process (pid=265) is multi-threaded, use of fork() may lead to deadlocks in the child.
[2025-11-19T11:44:42.910+0000] {standard_task_runner.py:64} INFO - Started process 266 to run task
[2025-11-19T11:44:42.908+0000] {standard_task_runner.py:90} INFO - Running: ['***', 'tasks', 'run', 'dbt_finance', 'dbt_deps', 'scheduled__2025-11-18T00:00:00+00:00', '--job-id', '10', '--raw', '--subdir', 'DAGS_FOLDER/dbt_finance.py', '--cfg-path', '/tmp/tmpyg9m0_vf']
[2025-11-19T11:44:42.911+0000] {standard_task_runner.py:91} INFO - Job 10: Subtask dbt_deps
[2025-11-19T11:44:42.988+0000] {task_command.py:426} INFO - Running <TaskInstance: dbt_finance.dbt_deps scheduled__2025-11-18T00:00:00+00:00 [running]> on host 5004021ba987
[2025-11-19T11:44:43.158+0000] {taskinstance.py:2648} INFO - Exporting env vars: AIRFLOW_CTX_DAG_OWNER='tam.dang' AIRFLOW_CTX_DAG_ID='dbt_finance' AIRFLOW_CTX_TASK_ID='dbt_deps' AIRFLOW_CTX_EXECUTION_DATE='2025-11-18T00:00:00+00:00' AIRFLOW_CTX_TRY_NUMBER='1' AIRFLOW_CTX_DAG_RUN_ID='scheduled__2025-11-18T00:00:00+00:00'
[2025-11-19T11:44:43.160+0000] {taskinstance.py:430} INFO - ::endgroup::
[2025-11-19T11:44:43.181+0000] {subprocess.py:63} INFO - Tmp dir root location: /tmp
[2025-11-19T11:44:43.184+0000] {subprocess.py:75} INFO - Running command: ['/usr/bin/bash', '-c', 'cd /opt/*** && dbt deps']
[2025-11-19T11:44:43.195+0000] {subprocess.py:86} INFO - Output:
[2025-11-19T11:44:50.792+0000] {subprocess.py:93} INFO - [0m11:44:50  Running with dbt=1.7.19
[2025-11-19T11:44:50.796+0000] {subprocess.py:93} INFO - [0m11:44:50  Encountered an error:
[2025-11-19T11:44:50.797+0000] {subprocess.py:93} INFO - Runtime Error
[2025-11-19T11:44:50.797+0000] {subprocess.py:93} INFO -   dbt_project.yml does not parse to a dictionary
[2025-11-19T11:44:52.818+0000] {subprocess.py:97} INFO - Command exited with return code 2
[2025-11-19T11:44:52.820+0000] {taskinstance.py:441} INFO - ::group::Post task execution logs
[2025-11-19T11:44:52.839+0000] {taskinstance.py:2905} ERROR - Task failed with exception
Traceback (most recent call last):
  File "/home/airflow/.local/lib/python3.12/site-packages/airflow/models/taskinstance.py", line 465, in _execute_task
    result = _execute_callable(context=context, **execute_callable_kwargs)
             ^^^^^^^^^^^^^^^^^^^^^^^^^^^^^^^^^^^^^^^^^^^^^^^^^^^^^^^^^^^^^
  File "/home/airflow/.local/lib/python3.12/site-packages/airflow/models/taskinstance.py", line 432, in _execute_callable
    return execute_callable(context=context, **execute_callable_kwargs)
           ^^^^^^^^^^^^^^^^^^^^^^^^^^^^^^^^^^^^^^^^^^^^^^^^^^^^^^^^^^^^
  File "/home/airflow/.local/lib/python3.12/site-packages/airflow/models/baseoperator.py", line 401, in wrapper
    return func(self, *args, **kwargs)
           ^^^^^^^^^^^^^^^^^^^^^^^^^^^
  File "/home/airflow/.local/lib/python3.12/site-packages/airflow/operators/bash.py", line 243, in execute
    raise AirflowException(
airflow.exceptions.AirflowException: Bash command failed. The command returned a non-zero exit code 2.
[2025-11-19T11:44:52.866+0000] {taskinstance.py:1206} INFO - Marking task as UP_FOR_RETRY. dag_id=dbt_finance, task_id=dbt_deps, run_id=scheduled__2025-11-18T00:00:00+00:00, execution_date=20251118T000000, start_date=20251119T114442, end_date=20251119T114452
[2025-11-19T11:44:52.901+0000] {standard_task_runner.py:110} ERROR - Failed to execute job 10 for task dbt_deps (Bash command failed. The command returned a non-zero exit code 2.; 266)
[2025-11-19T11:44:52.915+0000] {local_task_job_runner.py:243} INFO - Task exited with return code 1
[2025-11-19T11:44:52.954+0000] {taskinstance.py:3503} INFO - 0 downstream tasks scheduled from follow-on schedule check
[2025-11-19T11:44:52.956+0000] {local_task_job_runner.py:222} INFO - ::endgroup::
