[2025-11-19T11:50:40.036+0000] {local_task_job_runner.py:120} INFO - ::group::Pre task execution logs
[2025-11-19T11:50:40.085+0000] {taskinstance.py:2076} INFO - Dependencies all met for dep_context=non-requeueable deps ti=<TaskInstance: dbt_finance.dbt_run_finance_intermediate scheduled__2025-11-18T00:00:00+00:00 [queued]>
[2025-11-19T11:50:40.106+0000] {taskinstance.py:2076} INFO - Dependencies all met for dep_context=requeueable deps ti=<TaskInstance: dbt_finance.dbt_run_finance_intermediate scheduled__2025-11-18T00:00:00+00:00 [queued]>
[2025-11-19T11:50:40.107+0000] {taskinstance.py:2306} INFO - Starting attempt 1 of 2
[2025-11-19T11:50:40.124+0000] {taskinstance.py:2330} INFO - Executing <Task(BashOperator): dbt_run_finance_intermediate> on 2025-11-18 00:00:00+00:00
[2025-11-19T11:50:40.130+0000] {logging_mixin.py:188} WARNING - /home/***/.local/lib/python3.12/site-packages/***/task/task_runner/standard_task_runner.py:62 DeprecationWarning: This process (pid=273) is multi-threaded, use of fork() may lead to deadlocks in the child.
[2025-11-19T11:50:40.132+0000] {standard_task_runner.py:64} INFO - Started process 274 to run task
[2025-11-19T11:50:40.130+0000] {standard_task_runner.py:90} INFO - Running: ['***', 'tasks', 'run', 'dbt_finance', 'dbt_run_finance_intermediate', 'scheduled__2025-11-18T00:00:00+00:00', '--job-id', '15', '--raw', '--subdir', 'DAGS_FOLDER/dbt_finance.py', '--cfg-path', '/tmp/tmpjd0tqqlw']
[2025-11-19T11:50:40.133+0000] {standard_task_runner.py:91} INFO - Job 15: Subtask dbt_run_finance_intermediate
[2025-11-19T11:50:40.191+0000] {task_command.py:426} INFO - Running <TaskInstance: dbt_finance.dbt_run_finance_intermediate scheduled__2025-11-18T00:00:00+00:00 [running]> on host 5004021ba987
[2025-11-19T11:50:40.298+0000] {taskinstance.py:2648} INFO - Exporting env vars: AIRFLOW_CTX_DAG_OWNER='tam.dang' AIRFLOW_CTX_DAG_ID='dbt_finance' AIRFLOW_CTX_TASK_ID='dbt_run_finance_intermediate' AIRFLOW_CTX_EXECUTION_DATE='2025-11-18T00:00:00+00:00' AIRFLOW_CTX_TRY_NUMBER='1' AIRFLOW_CTX_DAG_RUN_ID='scheduled__2025-11-18T00:00:00+00:00'
[2025-11-19T11:50:40.299+0000] {taskinstance.py:430} INFO - ::endgroup::
[2025-11-19T11:50:40.315+0000] {subprocess.py:63} INFO - Tmp dir root location: /tmp
[2025-11-19T11:50:40.317+0000] {subprocess.py:75} INFO - Running command: ['/usr/bin/bash', '-c', 'cd /opt/*** && dbt run --select finance.intermediate --target prod']
[2025-11-19T11:50:40.326+0000] {subprocess.py:86} INFO - Output:
[2025-11-19T11:50:43.535+0000] {subprocess.py:93} INFO - [0m11:50:43  Running with dbt=1.7.19
[2025-11-19T11:50:44.625+0000] {subprocess.py:93} INFO - [0m11:50:44  Registered adapter: bigquery=1.7.0
[2025-11-19T11:50:44.735+0000] {subprocess.py:93} INFO - [0m11:50:44  Found 12 models, 18 tests, 3 sources, 0 exposures, 0 metrics, 447 macros, 0 groups, 0 semantic models
[2025-11-19T11:50:44.739+0000] {subprocess.py:93} INFO - [0m11:50:44
[2025-11-19T11:50:51.466+0000] {subprocess.py:93} INFO - [0m11:50:51  Concurrency: 1 threads (target='prod')
[2025-11-19T11:50:51.469+0000] {subprocess.py:93} INFO - [0m11:50:51
[2025-11-19T11:50:51.490+0000] {subprocess.py:93} INFO - [0m11:50:51  1 of 3 START sql table model dwh_prod_intermediate.int_rates_usdt .............. [RUN]
[2025-11-19T11:50:57.700+0000] {subprocess.py:93} INFO - [0m11:50:57  1 of 3 OK created sql table model dwh_prod_intermediate.int_rates_usdt ......... [[32mCREATE TABLE (29.8k rows, 3.3 MiB processed)[0m in 6.21s]
[2025-11-19T11:50:57.711+0000] {subprocess.py:93} INFO - [0m11:50:57  2 of 3 START sql table model dwh_prod_intermediate.int_users_scd2 .............. [RUN]
[2025-11-19T11:50:57.767+0000] {subprocess.py:93} INFO - [0m11:50:57  2 of 3 ERROR creating sql table model dwh_prod_intermediate.int_users_scd2 ..... [[31mERROR[0m in 0.05s]
[2025-11-19T11:50:57.781+0000] {subprocess.py:93} INFO - [0m11:50:57  3 of 3 START sql table model dwh_prod_intermediate.int_transactions_with_rates . [RUN]
[2025-11-19T11:51:03.622+0000] {subprocess.py:93} INFO - [0m11:51:03  3 of 3 OK created sql table model dwh_prod_intermediate.int_transactions_with_rates  [[32mCREATE TABLE (93.0 rows, 676.7 KiB processed)[0m in 5.84s]
[2025-11-19T11:51:03.631+0000] {subprocess.py:93} INFO - [0m11:51:03
[2025-11-19T11:51:03.633+0000] {subprocess.py:93} INFO - [0m11:51:03  Finished running 3 table models in 0 hours 0 minutes and 18.89 seconds (18.89s).
[2025-11-19T11:51:03.664+0000] {subprocess.py:93} INFO - [0m11:51:03
[2025-11-19T11:51:03.666+0000] {subprocess.py:93} INFO - [0m11:51:03  [31mCompleted with 1 error and 0 warnings:[0m
[2025-11-19T11:51:03.667+0000] {subprocess.py:93} INFO - [0m11:51:03
[2025-11-19T11:51:03.670+0000] {subprocess.py:93} INFO - [0m11:51:03    Compilation Error in model int_users_scd2 (models/finance/intermediate/int_users_scd2.sql)
[2025-11-19T11:51:03.671+0000] {subprocess.py:93} INFO -   'dbt_utils' is undefined. This can happen when calling a macro that does not exist. Check for typos and/or install package dependencies with "dbt deps".
[2025-11-19T11:51:03.672+0000] {subprocess.py:93} INFO - [0m11:51:03
[2025-11-19T11:51:03.674+0000] {subprocess.py:93} INFO - [0m11:51:03  Done. PASS=2 WARN=0 ERROR=1 SKIP=0 TOTAL=3
[2025-11-19T11:51:05.675+0000] {subprocess.py:97} INFO - Command exited with return code 1
[2025-11-19T11:51:05.676+0000] {taskinstance.py:441} INFO - ::group::Post task execution logs
[2025-11-19T11:51:05.699+0000] {taskinstance.py:2905} ERROR - Task failed with exception
Traceback (most recent call last):
  File "/home/airflow/.local/lib/python3.12/site-packages/airflow/models/taskinstance.py", line 465, in _execute_task
    result = _execute_callable(context=context, **execute_callable_kwargs)
             ^^^^^^^^^^^^^^^^^^^^^^^^^^^^^^^^^^^^^^^^^^^^^^^^^^^^^^^^^^^^^
  File "/home/airflow/.local/lib/python3.12/site-packages/airflow/models/taskinstance.py", line 432, in _execute_callable
    return execute_callable(context=context, **execute_callable_kwargs)
           ^^^^^^^^^^^^^^^^^^^^^^^^^^^^^^^^^^^^^^^^^^^^^^^^^^^^^^^^^^^^
  File "/home/airflow/.local/lib/python3.12/site-packages/airflow/models/baseoperator.py", line 401, in wrapper
    return func(self, *args, **kwargs)
           ^^^^^^^^^^^^^^^^^^^^^^^^^^^
  File "/home/airflow/.local/lib/python3.12/site-packages/airflow/operators/bash.py", line 243, in execute
    raise AirflowException(
airflow.exceptions.AirflowException: Bash command failed. The command returned a non-zero exit code 1.
[2025-11-19T11:51:05.709+0000] {taskinstance.py:1206} INFO - Marking task as UP_FOR_RETRY. dag_id=dbt_finance, task_id=dbt_run_finance_intermediate, run_id=scheduled__2025-11-18T00:00:00+00:00, execution_date=20251118T000000, start_date=20251119T115040, end_date=20251119T115105
[2025-11-19T11:51:05.743+0000] {standard_task_runner.py:110} ERROR - Failed to execute job 15 for task dbt_run_finance_intermediate (Bash command failed. The command returned a non-zero exit code 1.; 274)
[2025-11-19T11:51:05.759+0000] {local_task_job_runner.py:243} INFO - Task exited with return code 1
[2025-11-19T11:51:05.819+0000] {taskinstance.py:3503} INFO - 0 downstream tasks scheduled from follow-on schedule check
[2025-11-19T11:51:05.821+0000] {local_task_job_runner.py:222} INFO - ::endgroup::
